<?xml version="1.0" encoding="UTF-8"?>
<testsuites>
<testsuite timestamp="2026-06-14T22:04:50" hostname="cfda5206dcc2" package="veri_fc" id="0" name="taskcover" tests="1" errors="1" failures="0" time="0" skipped="0">
<properties>
<property name="os" value="Linux"/>
<property name="expect" value="PASS"/>
<property name="status" value="ERROR"/>
</properties>
<testcase classname="taskcover" name="taskcover" time="0">
<error type="ERROR"/>
</testcase>
<system-out>SBY 22:04:50 [veri_fc_taskcover] Removing directory '/foss/designs/TTGF26b_PWM-Analyser/test/veri_fc_taskcover'.
SBY 22:04:50 [veri_fc_taskcover] Copy '/foss/designs/TTGF26b_PWM-Analyser/test/../src/freq_counter.v' to '/foss/designs/TTGF26b_PWM-Analyser/test/veri_fc_taskcover/src/freq_counter.v'.
SBY 22:04:50 [veri_fc_taskcover] Copy '/foss/designs/TTGF26b_PWM-Analyser/test/../src/rising_edge_detect.v' to '/foss/designs/TTGF26b_PWM-Analyser/test/veri_fc_taskcover/src/rising_edge_detect.v'.
SBY 22:04:50 [veri_fc_taskcover] Copy '/foss/designs/TTGF26b_PWM-Analyser/test/../src/shift_subtract_divider.v' to '/foss/designs/TTGF26b_PWM-Analyser/test/veri_fc_taskcover/src/shift_subtract_divider.v'.
SBY 22:04:50 [veri_fc_taskcover] engine_0: smtbmc
SBY 22:04:50 [veri_fc_taskcover] base: starting process &quot;cd veri_fc_taskcover/src; yosys -ql ../model/design.log ../model/design.ys&quot;
SBY 22:04:50 [veri_fc_taskcover] base: ERROR: Command syntax error: Unknown option or option in arguments.
SBY 22:04:50 [veri_fc_taskcover] base: &gt; prep -top freq_counter -chparam WATCHDOG_TICK 10
SBY 22:04:50 [veri_fc_taskcover] base: &gt;                        ^
SBY 22:04:50 [veri_fc_taskcover] base: finished (returncode=1)
SBY 22:04:50 [veri_fc_taskcover] base: task failed. ERROR.
SBY 22:04:50 [veri_fc_taskcover] summary: Elapsed clock time [H:MM:SS (secs)]: 0:00:00 (0)
SBY 22:04:50 [veri_fc_taskcover] summary: Elapsed process time [H:MM:SS (secs)]: 0:00:00 (0)
SBY 22:04:50 [veri_fc_taskcover] summary: engine_0 (smtbmc) did not return a status
SBY 22:04:50 [veri_fc_taskcover] summary: engine_0 did not produce any traces
SBY 22:04:50 [veri_fc_taskcover] DONE (ERROR, rc=16)
</system-out>
<system-err>
</system-err>
</testsuite>
</testsuites>
