<?xml version="1.0" encoding="UTF-8"?>
<testsuites>
<testsuite timestamp="2026-06-14T22:05:12" hostname="cfda5206dcc2" package="veri_ssd" id="0" name="taskcover" tests="19" errors="0" failures="0" time="0" skipped="15">
<properties>
<property name="os" value="Linux"/>
<property name="expect" value="PASS"/>
<property name="status" value="PASS"/>
</properties>
<testcase classname="taskcover" name="build execution" time="0">
</testcase>
<testcase classname="taskcover" name="Property ASSERT in SevenSegmentDecoder at SevenSegmentDecoder.v:200.9-200.38" time="0" type="ASSERT" location="SevenSegmentDecoder.v:200.9-200.38" id="_witness_.check_assert_SevenSegmentDecoder_v_200_25">
<skipped />
</testcase>
<testcase classname="taskcover" name="Property ASSERT in SevenSegmentDecoder at SevenSegmentDecoder.v:206.13-206.36" time="0" type="ASSERT" location="SevenSegmentDecoder.v:206.13-206.36" id="_witness_.check_assert_SevenSegmentDecoder_v_206_45">
<skipped />
</testcase>
<testcase classname="taskcover" name="Property ASSERT in SevenSegmentDecoder at SevenSegmentDecoder.v:207.13-207.36" time="0" type="ASSERT" location="SevenSegmentDecoder.v:207.13-207.36" id="_witness_.check_assert_SevenSegmentDecoder_v_207_47">
<skipped />
</testcase>
<testcase classname="taskcover" name="Property ASSERT in SevenSegmentDecoder at SevenSegmentDecoder.v:208.13-208.40" time="0" type="ASSERT" location="SevenSegmentDecoder.v:208.13-208.40" id="_witness_.check_assert_SevenSegmentDecoder_v_208_49">
<skipped />
</testcase>
<testcase classname="taskcover" name="Property ASSERT in SevenSegmentDecoder at SevenSegmentDecoder.v:209.13-209.40" time="0" type="ASSERT" location="SevenSegmentDecoder.v:209.13-209.40" id="_witness_.check_assert_SevenSegmentDecoder_v_209_51">
<skipped />
</testcase>
<testcase classname="taskcover" name="Property ASSERT in SevenSegmentDecoder at SevenSegmentDecoder.v:216.13-216.36" time="0" type="ASSERT" location="SevenSegmentDecoder.v:216.13-216.36" id="_witness_.check_assert_SevenSegmentDecoder_v_216_55">
<skipped />
</testcase>
<testcase classname="taskcover" name="Property ASSERT in SevenSegmentDecoder at SevenSegmentDecoder.v:217.13-217.36" time="0" type="ASSERT" location="SevenSegmentDecoder.v:217.13-217.36" id="_witness_.check_assert_SevenSegmentDecoder_v_217_57">
<skipped />
</testcase>
<testcase classname="taskcover" name="Property ASSERT in SevenSegmentDecoder at SevenSegmentDecoder.v:218.13-218.40" time="0" type="ASSERT" location="SevenSegmentDecoder.v:218.13-218.40" id="_witness_.check_assert_SevenSegmentDecoder_v_218_59">
<skipped />
</testcase>
<testcase classname="taskcover" name="Property ASSERT in SevenSegmentDecoder at SevenSegmentDecoder.v:219.13-219.40" time="0" type="ASSERT" location="SevenSegmentDecoder.v:219.13-219.40" id="_witness_.check_assert_SevenSegmentDecoder_v_219_61">
<skipped />
</testcase>
<testcase classname="taskcover" name="Property ASSERT in SevenSegmentDecoder at SevenSegmentDecoder.v:226.13-226.36" time="0" type="ASSERT" location="SevenSegmentDecoder.v:226.13-226.36" id="_witness_.check_assert_SevenSegmentDecoder_v_226_65">
<skipped />
</testcase>
<testcase classname="taskcover" name="Property ASSERT in SevenSegmentDecoder at SevenSegmentDecoder.v:227.13-227.36" time="0" type="ASSERT" location="SevenSegmentDecoder.v:227.13-227.36" id="_witness_.check_assert_SevenSegmentDecoder_v_227_67">
<skipped />
</testcase>
<testcase classname="taskcover" name="Property ASSERT in SevenSegmentDecoder at SevenSegmentDecoder.v:228.13-228.36" time="0" type="ASSERT" location="SevenSegmentDecoder.v:228.13-228.36" id="_witness_.check_assert_SevenSegmentDecoder_v_228_69">
<skipped />
</testcase>
<testcase classname="taskcover" name="Property ASSERT in SevenSegmentDecoder at SevenSegmentDecoder.v:229.13-229.40" time="0" type="ASSERT" location="SevenSegmentDecoder.v:229.13-229.40" id="_witness_.check_assert_SevenSegmentDecoder_v_229_71">
<skipped />
</testcase>
<testcase classname="taskcover" name="Property ASSERT in SevenSegmentDecoder at SevenSegmentDecoder.v:236.13-236.33" time="0" type="ASSERT" location="SevenSegmentDecoder.v:236.13-236.33" id="_witness_.check_assert_SevenSegmentDecoder_v_236_77">
<skipped />
</testcase>
<testcase classname="taskcover" name="Property ASSERT in SevenSegmentDecoder at SevenSegmentDecoder.v:238.13-238.33" time="0" type="ASSERT" location="SevenSegmentDecoder.v:238.13-238.33" id="_witness_.check_assert_SevenSegmentDecoder_v_238_79">
<skipped />
</testcase>
<testcase classname="taskcover" name="Property COVER in SevenSegmentDecoder at SevenSegmentDecoder.v:243.9-243.36" time="0" type="COVER" location="SevenSegmentDecoder.v:243.9-243.36" id="_witness_.check_cover_SevenSegmentDecoder_v_243_82" tracefile="engine_0/trace0.vcd">
</testcase>
<testcase classname="taskcover" name="Property COVER in SevenSegmentDecoder at SevenSegmentDecoder.v:244.9-244.36" time="0" type="COVER" location="SevenSegmentDecoder.v:244.9-244.36" id="_witness_.check_cover_SevenSegmentDecoder_v_244_84" tracefile="engine_0/trace1.vcd">
</testcase>
<testcase classname="taskcover" name="Property COVER in SevenSegmentDecoder at SevenSegmentDecoder.v:245.9-245.36" time="0" type="COVER" location="SevenSegmentDecoder.v:245.9-245.36" id="_witness_.check_cover_SevenSegmentDecoder_v_245_86" tracefile="engine_0/trace2.vcd">
</testcase>
<testcase classname="taskcover" name="Property COVER in SevenSegmentDecoder at SevenSegmentDecoder.v:246.9-246.36" time="0" type="COVER" location="SevenSegmentDecoder.v:246.9-246.36" id="_witness_.check_cover_SevenSegmentDecoder_v_246_88" tracefile="engine_0/trace3.vcd">
</testcase>
<system-out>SBY 22:05:12 [veri_ssd_taskcover] Removing directory '/foss/designs/TTGF26b_PWM-Analyser/test/veri_ssd_taskcover'.
SBY 22:05:12 [veri_ssd_taskcover] Copy '/foss/designs/TTGF26b_PWM-Analyser/test/../src/SevenSegmentDecoder.v' to '/foss/designs/TTGF26b_PWM-Analyser/test/veri_ssd_taskcover/src/SevenSegmentDecoder.v'.
SBY 22:05:12 [veri_ssd_taskcover] engine_0: smtbmc
SBY 22:05:12 [veri_ssd_taskcover] base: starting process &quot;cd veri_ssd_taskcover/src; yosys -ql ../model/design.log ../model/design.ys&quot;
SBY 22:05:12 [veri_ssd_taskcover] base: finished (returncode=0)
SBY 22:05:12 [veri_ssd_taskcover] prep: starting process &quot;cd veri_ssd_taskcover/model; yosys -ql design_prep.log design_prep.ys&quot;
SBY 22:05:12 [veri_ssd_taskcover] prep: finished (returncode=0)
SBY 22:05:12 [veri_ssd_taskcover] smt2: starting process &quot;cd veri_ssd_taskcover/model; yosys -ql design_smt2.log design_smt2.ys&quot;
SBY 22:05:12 [veri_ssd_taskcover] smt2: finished (returncode=0)
SBY 22:05:12 [veri_ssd_taskcover] engine_0: starting process &quot;cd veri_ssd_taskcover; yosys-smtbmc --presat --unroll -c --noprogress -t 100  --append 0 --dump-vcd engine_0/trace%.vcd --dump-yw engine_0/trace%.yw --dump-vlogtb engine_0/trace%_tb.v --dump-smtc engine_0/trace%.smtc model/design_smt2.smt2&quot;
SBY 22:05:12 [veri_ssd_taskcover] engine_0: ##   0:00:00  Solver: yices
SBY 22:05:12 [veri_ssd_taskcover] engine_0: ##   0:00:00  Checking cover reachability in step 0..
SBY 22:05:12 [veri_ssd_taskcover] engine_0: ##   0:00:00  Reached cover statement in step 0 at SevenSegmentDecoder: SevenSegmentDecoder.v:243.9-243.36 (_witness_.check_cover_SevenSegmentDecoder_v_243_82)
SBY 22:05:12 [veri_ssd_taskcover] engine_0: ##   0:00:00  Writing trace to VCD file: engine_0/trace0.vcd
SBY 22:05:12 [veri_ssd_taskcover] engine_0: ##   0:00:00  Writing trace to Verilog testbench: engine_0/trace0_tb.v
SBY 22:05:12 [veri_ssd_taskcover] engine_0: ##   0:00:00  Writing trace to constraints file: engine_0/trace0.smtc
SBY 22:05:12 [veri_ssd_taskcover] engine_0: ##   0:00:00  Writing trace to Yosys witness file: engine_0/trace0.yw
SBY 22:05:12 [veri_ssd_taskcover] engine_0: ##   0:00:00  Checking cover reachability in step 0..
SBY 22:05:12 [veri_ssd_taskcover] engine_0: ##   0:00:00  Reached cover statement in step 0 at SevenSegmentDecoder: SevenSegmentDecoder.v:244.9-244.36 (_witness_.check_cover_SevenSegmentDecoder_v_244_84)
SBY 22:05:12 [veri_ssd_taskcover] engine_0: ##   0:00:00  Writing trace to VCD file: engine_0/trace1.vcd
SBY 22:05:12 [veri_ssd_taskcover] engine_0: ##   0:00:00  Writing trace to Verilog testbench: engine_0/trace1_tb.v
SBY 22:05:12 [veri_ssd_taskcover] engine_0: ##   0:00:00  Writing trace to constraints file: engine_0/trace1.smtc
SBY 22:05:12 [veri_ssd_taskcover] engine_0: ##   0:00:00  Writing trace to Yosys witness file: engine_0/trace1.yw
SBY 22:05:12 [veri_ssd_taskcover] engine_0: ##   0:00:00  Checking cover reachability in step 0..
SBY 22:05:12 [veri_ssd_taskcover] engine_0: ##   0:00:00  Reached cover statement in step 0 at SevenSegmentDecoder: SevenSegmentDecoder.v:245.9-245.36 (_witness_.check_cover_SevenSegmentDecoder_v_245_86)
SBY 22:05:12 [veri_ssd_taskcover] engine_0: ##   0:00:00  Writing trace to VCD file: engine_0/trace2.vcd
SBY 22:05:12 [veri_ssd_taskcover] engine_0: ##   0:00:00  Writing trace to Verilog testbench: engine_0/trace2_tb.v
SBY 22:05:12 [veri_ssd_taskcover] engine_0: ##   0:00:00  Writing trace to constraints file: engine_0/trace2.smtc
SBY 22:05:12 [veri_ssd_taskcover] engine_0: ##   0:00:00  Writing trace to Yosys witness file: engine_0/trace2.yw
SBY 22:05:12 [veri_ssd_taskcover] engine_0: ##   0:00:00  Checking cover reachability in step 0..
SBY 22:05:12 [veri_ssd_taskcover] engine_0: ##   0:00:00  Reached cover statement in step 0 at SevenSegmentDecoder: SevenSegmentDecoder.v:246.9-246.36 (_witness_.check_cover_SevenSegmentDecoder_v_246_88)
SBY 22:05:12 [veri_ssd_taskcover] engine_0: ##   0:00:00  Writing trace to VCD file: engine_0/trace3.vcd
SBY 22:05:12 [veri_ssd_taskcover] engine_0: ##   0:00:00  Writing trace to Verilog testbench: engine_0/trace3_tb.v
SBY 22:05:12 [veri_ssd_taskcover] engine_0: ##   0:00:00  Writing trace to constraints file: engine_0/trace3.smtc
SBY 22:05:12 [veri_ssd_taskcover] engine_0: ##   0:00:00  Writing trace to Yosys witness file: engine_0/trace3.yw
SBY 22:05:12 [veri_ssd_taskcover] engine_0: ##   0:00:00  Status: passed
SBY 22:05:12 [veri_ssd_taskcover] engine_0: finished (returncode=0)
SBY 22:05:12 [veri_ssd_taskcover] engine_0: Status returned by engine: pass
SBY 22:05:12 [veri_ssd_taskcover] summary: Elapsed clock time [H:MM:SS (secs)]: 0:00:00 (0)
SBY 22:05:12 [veri_ssd_taskcover] summary: Elapsed process time [H:MM:SS (secs)]: 0:00:00 (0)
SBY 22:05:12 [veri_ssd_taskcover] summary: engine_0 (smtbmc) returned pass
SBY 22:05:12 [veri_ssd_taskcover] summary: cover trace: veri_ssd_taskcover/engine_0/trace0.vcd
SBY 22:05:12 [veri_ssd_taskcover] summary:   reached cover statement SevenSegmentDecoder._witness_.check_cover_SevenSegmentDecoder_v_243_82 at SevenSegmentDecoder.v:243.9-243.36
SBY 22:05:12 [veri_ssd_taskcover] summary: cover trace: veri_ssd_taskcover/engine_0/trace1.vcd
SBY 22:05:12 [veri_ssd_taskcover] summary:   reached cover statement SevenSegmentDecoder._witness_.check_cover_SevenSegmentDecoder_v_244_84 at SevenSegmentDecoder.v:244.9-244.36
SBY 22:05:12 [veri_ssd_taskcover] summary: cover trace: veri_ssd_taskcover/engine_0/trace2.vcd
SBY 22:05:12 [veri_ssd_taskcover] summary:   reached cover statement SevenSegmentDecoder._witness_.check_cover_SevenSegmentDecoder_v_245_86 at SevenSegmentDecoder.v:245.9-245.36
SBY 22:05:12 [veri_ssd_taskcover] summary: cover trace: veri_ssd_taskcover/engine_0/trace3.vcd
SBY 22:05:12 [veri_ssd_taskcover] summary:   reached cover statement SevenSegmentDecoder._witness_.check_cover_SevenSegmentDecoder_v_246_88 at SevenSegmentDecoder.v:246.9-246.36
SBY 22:05:12 [veri_ssd_taskcover] DONE (PASS, rc=0)
</system-out>
<system-err>
</system-err>
</testsuite>
</testsuites>
